生成启动时间为 2015/3/25 16:07:23。
     1>项目“C:\Users\TsingJyujing\Documents\Visual Studio 2010\Projects\myRSJ\UANN\UANN\UANN.vcxproj”在节点 2 上(build 个目标)。
     1>InitializeBuildStatus:
         正在创建“Debug\UANN.unsuccessfulbuild”，因为已指定“AlwaysCreate”。
       ClCompile:
         D:\Program Files (x86)\Microsoft Visual Studio 10.0\VC\bin\CL.exe /c /ZI /nologo /W3 /WX- /Od /Oy- /D WIN32 /D _DEBUG /D _CONSOLE /D _UNICODE /D UNICODE /Gm /EHsc /MDd /GS /fp:precise /Zc:wchar_t /Zc:forScope /Yc"StdAfx.h" /Fp"Debug\UANN.pch" /Fo"Debug\\" /Fd"Debug\vc100.pdb" /Gd /TP /analyze- /errorReport:prompt stdafx.cpp
         stdafx.cpp
     1>c:\users\tsingjyujing\documents\visual studio 2010\projects\myrsj\uann\uann\libuann.h(132): warning C4996: 'getch': The POSIX name for this item is deprecated. Instead, use the ISO C++ conformant name: _getch. See online help for details.
                 d:\program files (x86)\microsoft visual studio 10.0\vc\include\conio.h(128) : 参见“getch”的声明
         D:\Program Files (x86)\Microsoft Visual Studio 10.0\VC\bin\CL.exe /c /ZI /nologo /W3 /WX- /Od /Oy- /D WIN32 /D _DEBUG /D _CONSOLE /D _UNICODE /D UNICODE /Gm /EHsc /MDd /GS /fp:precise /Zc:wchar_t /Zc:forScope /Yu"StdAfx.h" /Fp"Debug\UANN.pch" /Fo"Debug\\" /Fd"Debug\vc100.pdb" /Gd /TP /analyze- /errorReport:prompt UANN.cpp libUANN.cpp
         libUANN.cpp
         UANN.cpp
     1>c:\users\tsingjyujing\documents\visual studio 2010\projects\myrsj\uann\uann\uann.cpp(24): warning C4996: 'getch': The POSIX name for this item is deprecated. Instead, use the ISO C++ conformant name: _getch. See online help for details.
                 d:\program files (x86)\microsoft visual studio 10.0\vc\include\conio.h(128) : 参见“getch”的声明
     1>c:\users\tsingjyujing\documents\visual studio 2010\projects\myrsj\uann\uann\uann.cpp(39): warning C4996: 'getch': The POSIX name for this item is deprecated. Instead, use the ISO C++ conformant name: _getch. See online help for details.
                 d:\program files (x86)\microsoft visual studio 10.0\vc\include\conio.h(128) : 参见“getch”的声明
         正在生成代码...
       ManifestResourceCompile:
         所有输出均为最新。
       Link:
         D:\Program Files (x86)\Microsoft Visual Studio 10.0\VC\bin\link.exe /ERRORREPORT:PROMPT /OUT:"C:\Users\TsingJyujing\Documents\Visual Studio 2010\Projects\myRSJ\UANN\Debug\UANN.exe" /INCREMENTAL /NOLOGO kernel32.lib user32.lib gdi32.lib winspool.lib comdlg32.lib advapi32.lib shell32.lib ole32.lib oleaut32.lib uuid.lib odbc32.lib odbccp32.lib /MANIFEST /ManifestFile:"Debug\UANN.exe.intermediate.manifest" /MANIFESTUAC:"level='asInvoker' uiAccess='false'" /DEBUG /PDB:"C:\Users\TsingJyujing\Documents\Visual Studio 2010\Projects\myRSJ\UANN\Debug\UANN.pdb" /SUBSYSTEM:CONSOLE /TLBID:1 /DYNAMICBASE /NXCOMPAT /IMPLIB:"C:\Users\TsingJyujing\Documents\Visual Studio 2010\Projects\myRSJ\UANN\Debug\UANN.lib" /MACHINE:X86 Debug\UANN.exe.embed.manifest.res
         Debug\libUANN.obj
         Debug\stdafx.obj
         Debug\UANN.obj
       Manifest:
         C:\Program Files (x86)\Microsoft SDKs\Windows\v7.0A\bin\mt.exe /nologo /verbose /out:"Debug\UANN.exe.embed.manifest" /manifest Debug\UANN.exe.intermediate.manifest
         所有输出均为最新。
       LinkEmbedManifest:
         所有输出均为最新。
         UANN.vcxproj -> C:\Users\TsingJyujing\Documents\Visual Studio 2010\Projects\myRSJ\UANN\Debug\UANN.exe
       FinalizeBuildStatus:
         正在删除文件“Debug\UANN.unsuccessfulbuild”。
         正在对“Debug\UANN.lastbuildstate”执行 Touch 任务。
     1>已完成生成项目“C:\Users\TsingJyujing\Documents\Visual Studio 2010\Projects\myRSJ\UANN\UANN\UANN.vcxproj”(build 个目标)的操作。

生成成功。

已用时间 00:00:05.30
